2019-05-23 02:21:31 [main] WARN  org.springframework.boot.StartupInfoLogger - 125 - InetAddress.getLocalHost().getHostName() took 5003 milliseconds to respond. Please verify your network configuration (macOS machines may need to add entries to /etc/hosts).
2019-05-23 02:21:36 [main] INFO  com.iot.smart.water.meter.IotSmartWaterMeterApplication - 55 - Starting IotSmartWaterMeterApplication on berrydeMacBook-Pro.local with PID 34538 (/Users/berry/Downloads/IotSmartWaterMeter-Spring/target/classes started by berry in /Users/berry/Downloads/IotSmartWaterMeter-Spring)
2019-05-23 02:21:36 [main] INFO  com.iot.smart.water.meter.IotSmartWaterMeterApplication - 682 - No active profile set, falling back to default profiles: default
2019-05-23 02:21:37 [main] INFO  org.springframework.boot.web.embedded.tomcat.TomcatWebServer - 90 - Tomcat initialized with port(s): 8080 (http)
2019-05-23 02:21:37 [main] INFO  org.apache.coyote.http11.Http11NioProtocol - 173 - Initializing ProtocolHandler ["http-nio-8080"]
2019-05-23 02:21:37 [main] INFO  org.apache.catalina.core.StandardService - 173 - Starting service [Tomcat]
2019-05-23 02:21:37 [main] INFO  org.apache.catalina.core.StandardEngine - 173 - Starting Servlet engine: [Apache Tomcat/9.0.19]
2019-05-23 02:21:37 [main] INFO  org.apache.catalina.core.ContainerBase.[Tomcat].[localhost].[/] - 173 - Initializing Spring embedded WebApplicationContext
2019-05-23 02:21:37 [main] INFO  org.springframework.web.context.ContextLoader - 296 - Root WebApplicationContext: initialization completed in 1446 ms
2019-05-23 02:21:38 [main] INFO  org.springframework.scheduling.concurrent.ThreadPoolTaskExecutor - 171 - Initializing ExecutorService 'applicationTaskExecutor'
2019-05-23 02:21:39 [main] INFO  org.springframework.scheduling.concurrent.ThreadPoolTaskScheduler - 171 - Initializing ExecutorService 'taskScheduler'
2019-05-23 02:21:39 [main] INFO  org.apache.coyote.http11.Http11NioProtocol - 173 - Starting ProtocolHandler ["http-nio-8080"]
2019-05-23 02:21:39 [main] INFO  org.springframework.boot.web.embedded.tomcat.TomcatWebServer - 204 - Tomcat started on port(s): 8080 (http) with context path ''
2019-05-23 02:21:39 [main] INFO  com.iot.smart.water.meter.IotSmartWaterMeterApplication - 61 - Started IotSmartWaterMeterApplication in 24.099 seconds (JVM running for 24.932)
2019-05-23 02:22:04 [http-nio-8080-exec-1] INFO  org.apache.catalina.core.ContainerBase.[Tomcat].[localhost].[/] - 173 - Initializing Spring DispatcherServlet 'dispatcherServlet'
2019-05-23 02:22:04 [http-nio-8080-exec-1] INFO  org.springframework.web.servlet.DispatcherServlet - 524 - Initializing Servlet 'dispatcherServlet'
2019-05-23 02:22:04 [http-nio-8080-exec-1] INFO  org.springframework.web.servlet.DispatcherServlet - 546 - Completed initialization in 18 ms
2019-05-23 02:22:18 [http-nio-8080-exec-4] INFO  com.zaxxer.hikari.HikariDataSource - 110 - HikariPool-1 - Starting...
2019-05-23 02:22:19 [http-nio-8080-exec-4] INFO  com.zaxxer.hikari.HikariDataSource - 123 - HikariPool-1 - Start completed.
2019-05-23 02:26:55 [http-nio-8080-exec-2] WARN  org.springframework.web.servlet.mvc.support.DefaultHandlerExceptionResolver - 198 - Resolved [org.springframework.web.bind.MissingServletRequestParameterException: Required String parameter 'userName' is not present]
2019-05-23 02:28:02 [http-nio-8080-exec-4] WARN  org.springframework.web.servlet.mvc.support.DefaultHandlerExceptionResolver - 198 - Resolved [org.springframework.web.bind.MissingServletRequestParameterException: Required String parameter 'userName' is not present]
2019-05-23 02:29:01 [Thread-3] INFO  org.springframework.scheduling.concurrent.ThreadPoolTaskScheduler - 208 - Shutting down ExecutorService 'taskScheduler'
2019-05-23 02:29:01 [Thread-3] INFO  org.springframework.scheduling.concurrent.ThreadPoolTaskExecutor - 208 - Shutting down ExecutorService 'applicationTaskExecutor'
2019-05-23 02:29:01 [Thread-3] INFO  com.zaxxer.hikari.HikariDataSource - 350 - HikariPool-1 - Shutdown initiated...
2019-05-23 02:29:01 [Thread-3] INFO  com.zaxxer.hikari.HikariDataSource - 352 - HikariPool-1 - Shutdown completed.
2019-05-23 02:29:22 [main] WARN  org.springframework.boot.StartupInfoLogger - 125 - InetAddress.getLocalHost().getHostName() took 5006 milliseconds to respond. Please verify your network configuration (macOS machines may need to add entries to /etc/hosts).
2019-05-23 02:29:27 [main] INFO  com.iot.smart.water.meter.IotSmartWaterMeterApplication - 55 - Starting IotSmartWaterMeterApplication on berrydeMacBook-Pro.local with PID 34623 (/Users/berry/Downloads/IotSmartWaterMeter-Spring/target/classes started by berry in /Users/berry/Downloads/IotSmartWaterMeter-Spring)
2019-05-23 02:29:27 [main] INFO  com.iot.smart.water.meter.IotSmartWaterMeterApplication - 682 - No active profile set, falling back to default profiles: default
2019-05-23 02:29:28 [main] INFO  org.springframework.boot.web.embedded.tomcat.TomcatWebServer - 90 - Tomcat initialized with port(s): 8080 (http)
2019-05-23 02:29:28 [main] INFO  org.apache.coyote.http11.Http11NioProtocol - 173 - Initializing ProtocolHandler ["http-nio-8080"]
2019-05-23 02:29:28 [main] INFO  org.apache.catalina.core.StandardService - 173 - Starting service [Tomcat]
2019-05-23 02:29:28 [main] INFO  org.apache.catalina.core.StandardEngine - 173 - Starting Servlet engine: [Apache Tomcat/9.0.19]
2019-05-23 02:29:28 [main] INFO  org.apache.catalina.core.ContainerBase.[Tomcat].[localhost].[/] - 173 - Initializing Spring embedded WebApplicationContext
2019-05-23 02:29:28 [main] INFO  org.springframework.web.context.ContextLoader - 296 - Root WebApplicationContext: initialization completed in 1165 ms
2019-05-23 02:29:29 [main] INFO  org.springframework.scheduling.concurrent.ThreadPoolTaskExecutor - 171 - Initializing ExecutorService 'applicationTaskExecutor'
2019-05-23 02:29:29 [main] INFO  org.springframework.scheduling.concurrent.ThreadPoolTaskScheduler - 171 - Initializing ExecutorService 'taskScheduler'
2019-05-23 02:29:29 [main] INFO  org.apache.coyote.http11.Http11NioProtocol - 173 - Starting ProtocolHandler ["http-nio-8080"]
2019-05-23 02:29:29 [main] INFO  org.springframework.boot.web.embedded.tomcat.TomcatWebServer - 204 - Tomcat started on port(s): 8080 (http) with context path ''
2019-05-23 02:29:29 [main] INFO  com.iot.smart.water.meter.IotSmartWaterMeterApplication - 61 - Started IotSmartWaterMeterApplication in 22.787 seconds (JVM running for 23.368)
2019-05-23 02:30:09 [http-nio-8080-exec-1] INFO  org.apache.catalina.core.ContainerBase.[Tomcat].[localhost].[/] - 173 - Initializing Spring DispatcherServlet 'dispatcherServlet'
2019-05-23 02:30:09 [http-nio-8080-exec-1] INFO  org.springframework.web.servlet.DispatcherServlet - 524 - Initializing Servlet 'dispatcherServlet'
2019-05-23 02:30:09 [http-nio-8080-exec-1] INFO  org.springframework.web.servlet.DispatcherServlet - 546 - Completed initialization in 14 ms
2019-05-23 02:30:09 [http-nio-8080-exec-1] WARN  org.springframework.web.servlet.mvc.support.DefaultHandlerExceptionResolver - 198 - Resolved [org.springframework.web.bind.MissingServletRequestParameterException: Required String parameter 'userName' is not present]
2019-05-23 02:35:22 [http-nio-8080-exec-2] WARN  org.springframework.web.servlet.mvc.support.DefaultHandlerExceptionResolver - 198 - Resolved [org.springframework.web.bind.MissingServletRequestParameterException: Required String parameter 'userName' is not present]
2019-05-23 02:36:05 [http-nio-8080-exec-4] INFO  com.zaxxer.hikari.HikariDataSource - 110 - HikariPool-1 - Starting...
2019-05-23 02:36:07 [http-nio-8080-exec-4] INFO  com.zaxxer.hikari.HikariDataSource - 123 - HikariPool-1 - Start completed.
2019-05-23 02:37:30 [http-nio-8080-exec-7] WARN  org.springframework.web.servlet.mvc.support.DefaultHandlerExceptionResolver - 198 - Resolved [org.springframework.web.bind.MissingServletRequestParameterException: Required String parameter 'userName' is not present]
2019-05-23 02:37:47 [http-nio-8080-exec-8] WARN  org.springframework.web.servlet.mvc.support.DefaultHandlerExceptionResolver - 198 - Resolved [org.springframework.web.bind.MissingServletRequestParameterException: Required String parameter 'userName' is not present]
2019-05-23 04:10:55 [HikariPool-1 housekeeper] WARN  com.zaxxer.hikari.pool.HikariPool - 787 - HikariPool-1 - Thread starvation or clock leap detected (housekeeper delta=1h16m17s835ms).
2019-05-23 04:12:16 [http-nio-8080-exec-10] WARN  org.springframework.web.servlet.mvc.support.DefaultHandlerExceptionResolver - 198 - Resolved [org.springframework.web.bind.MissingServletRequestParameterException: Required String parameter 'userName' is not present]
2019-05-23 04:13:39 [http-nio-8080-exec-1] WARN  org.springframework.web.servlet.mvc.support.DefaultHandlerExceptionResolver - 198 - Resolved [org.springframework.web.bind.MissingServletRequestParameterException: Required String parameter 'userName' is not present]
2019-05-23 04:14:28 [http-nio-8080-exec-2] WARN  org.springframework.web.servlet.mvc.support.DefaultHandlerExceptionResolver - 198 - Resolved [org.springframework.web.bind.MissingServletRequestParameterException: Required String parameter 'userName' is not present]
2019-05-23 04:15:13 [http-nio-8080-exec-3] WARN  org.springframework.web.servlet.mvc.support.DefaultHandlerExceptionResolver - 198 - Resolved [org.springframework.web.bind.MissingServletRequestParameterException: Required String parameter 'userName' is not present]
2019-05-23 04:15:45 [http-nio-8080-exec-4] WARN  org.springframework.web.servlet.mvc.support.DefaultHandlerExceptionResolver - 198 - Resolved [org.springframework.web.bind.MissingServletRequestParameterException: Required String parameter 'userName' is not present]
2019-05-23 04:17:48 [http-nio-8080-exec-5] WARN  org.springframework.web.servlet.mvc.support.DefaultHandlerExceptionResolver - 198 - Resolved [org.springframework.web.bind.MissingServletRequestParameterException: Required String parameter 'userName' is not present]
2019-05-23 04:27:54 [http-nio-8080-exec-7] WARN  org.springframework.web.servlet.mvc.support.DefaultHandlerExceptionResolver - 198 - Resolved [org.springframework.web.bind.MissingServletRequestParameterException: Required String parameter 'userName' is not present]
2019-05-23 04:39:22 [http-nio-8080-exec-9] WARN  org.springframework.web.servlet.mvc.support.DefaultHandlerExceptionResolver - 198 - Resolved [org.springframework.web.bind.MissingServletRequestParameterException: Required String parameter 'userName' is not present]
2019-05-23 04:40:01 [http-nio-8080-exec-10] WARN  org.springframework.web.servlet.mvc.support.DefaultHandlerExceptionResolver - 198 - Resolved [org.springframework.web.bind.MissingServletRequestParameterException: Required String parameter 'userName' is not present]
2019-05-23 04:40:31 [http-nio-8080-exec-1] WARN  org.springframework.web.servlet.mvc.support.DefaultHandlerExceptionResolver - 198 - Resolved [org.springframework.web.bind.MissingServletRequestParameterException: Required String parameter 'userName' is not present]
2019-05-23 04:57:00 [http-nio-8080-exec-5] WARN  org.springframework.web.servlet.mvc.support.DefaultHandlerExceptionResolver - 198 - Resolved [org.springframework.web.bind.MissingServletRequestParameterException: Required String parameter 'userName' is not present]
2019-05-23 04:57:25 [http-nio-8080-exec-7] WARN  org.springframework.web.servlet.mvc.support.DefaultHandlerExceptionResolver - 198 - Resolved [org.springframework.web.bind.MissingServletRequestParameterException: Required String parameter 'userName' is not present]
2019-05-23 05:31:58 [HikariPool-1 housekeeper] WARN  com.zaxxer.hikari.pool.HikariPool - 787 - HikariPool-1 - Thread starvation or clock leap detected (housekeeper delta=31m32s966ms).
2019-05-23 06:05:18 [HikariPool-1 housekeeper] WARN  com.zaxxer.hikari.pool.HikariPool - 787 - HikariPool-1 - Thread starvation or clock leap detected (housekeeper delta=32m49s334ms).
2019-05-23 07:34:40 [HikariPool-1 housekeeper] WARN  com.zaxxer.hikari.pool.HikariPool - 787 - HikariPool-1 - Thread starvation or clock leap detected (housekeeper delta=1h28m52s320ms).
2019-05-23 09:35:37 [HikariPool-1 housekeeper] WARN  com.zaxxer.hikari.pool.HikariPool - 787 - HikariPool-1 - Thread starvation or clock leap detected (housekeeper delta=2h27s324ms).
2019-05-23 11:36:36 [HikariPool-1 housekeeper] WARN  com.zaxxer.hikari.pool.HikariPool - 787 - HikariPool-1 - Thread starvation or clock leap detected (housekeeper delta=2h28s171ms).
2019-05-23 11:45:25 [HikariPool-1 housekeeper] WARN  com.zaxxer.hikari.pool.HikariPool - 787 - HikariPool-1 - Thread starvation or clock leap detected (housekeeper delta=8m19s201ms).
2019-05-23 13:54:58 [HikariPool-1 housekeeper] WARN  com.zaxxer.hikari.pool.HikariPool - 787 - HikariPool-1 - Thread starvation or clock leap detected (housekeeper delta=1h10m1s851ms).
2019-05-23 16:23:25 [HikariPool-1 housekeeper] WARN  com.zaxxer.hikari.pool.HikariPool - 787 - HikariPool-1 - Thread starvation or clock leap detected (housekeeper delta=2h27m56s933ms).
2019-05-23 18:24:22 [HikariPool-1 housekeeper] WARN  com.zaxxer.hikari.pool.HikariPool - 787 - HikariPool-1 - Thread starvation or clock leap detected (housekeeper delta=2h26s738ms).
2019-05-23 19:58:45 [HikariPool-1 housekeeper] WARN  com.zaxxer.hikari.pool.HikariPool - 787 - HikariPool-1 - Thread starvation or clock leap detected (housekeeper delta=1h32m23s319ms).
2019-05-23 20:08:32 [HikariPool-1 housekeeper] WARN  com.zaxxer.hikari.pool.HikariPool - 787 - HikariPool-1 - Thread starvation or clock leap detected (housekeeper delta=9m46s671ms).
2019-05-23 20:27:25 [HikariPool-1 housekeeper] WARN  com.zaxxer.hikari.pool.HikariPool - 787 - HikariPool-1 - Thread starvation or clock leap detected (housekeeper delta=18m23s328ms).
2019-05-23 20:41:39 [HikariPool-1 housekeeper] WARN  com.zaxxer.hikari.pool.HikariPool - 787 - HikariPool-1 - Thread starvation or clock leap detected (housekeeper delta=13m43s545ms).
2019-05-23 20:44:31 [Thread-3] INFO  org.springframework.scheduling.concurrent.ThreadPoolTaskScheduler - 208 - Shutting down ExecutorService 'taskScheduler'
2019-05-23 20:44:31 [Thread-3] INFO  org.springframework.scheduling.concurrent.ThreadPoolTaskExecutor - 208 - Shutting down ExecutorService 'applicationTaskExecutor'
2019-05-23 20:44:31 [Thread-3] INFO  com.zaxxer.hikari.HikariDataSource - 350 - HikariPool-1 - Shutdown initiated...
2019-05-23 20:44:31 [Thread-3] INFO  com.zaxxer.hikari.HikariDataSource - 352 - HikariPool-1 - Shutdown completed.
