2019-05-05 00:57:37 [main] INFO  com.iot.smart.water.meter.IotSmartWaterMeterApplication - 55 - Starting IotSmartWaterMeterApplication on ROG-PC with PID 20972 (C:\Development\CompanyProjects\IotSmartWaterMeter-Spring\target\classes started by ROG in C:\Development\CompanyProjects\IotSmartWaterMeter-Spring)
2019-05-05 00:57:37 [main] INFO  com.iot.smart.water.meter.IotSmartWaterMeterApplication - 682 - No active profile set, falling back to default profiles: default
2019-05-05 00:57:38 [main] INFO  org.springframework.boot.web.embedded.tomcat.TomcatWebServer - 90 - Tomcat initialized with port(s): 8090 (http)
2019-05-05 00:57:38 [main] INFO  org.apache.coyote.http11.Http11NioProtocol - 173 - Initializing ProtocolHandler ["http-nio-8090"]
2019-05-05 00:57:38 [main] INFO  org.apache.catalina.core.StandardService - 173 - Starting service [Tomcat]
2019-05-05 00:57:38 [main] INFO  org.apache.catalina.core.StandardEngine - 173 - Starting Servlet engine: [Apache Tomcat/9.0.19]
2019-05-05 00:57:39 [main] INFO  org.apache.catalina.core.ContainerBase.[Tomcat].[localhost].[/] - 173 - Initializing Spring embedded WebApplicationContext
2019-05-05 00:57:39 [main] INFO  org.springframework.web.context.ContextLoader - 296 - Root WebApplicationContext: initialization completed in 1773 ms
2019-05-05 00:57:39 [main] WARN  org.springframework.boot.web.servlet.context.AnnotationConfigServletWebServerApplicationContext - 557 - Exception encountered during context initialization - cancelling refresh attempt: org.springframework.beans.factory.UnsatisfiedDependencyException: Error creating bean with name 'userController': Unsatisfied dependency expressed through field 'mService'; nested exception is org.springframework.beans.factory.UnsatisfiedDependencyException: Error creating bean with name 'userService': Unsatisfied dependency expressed through field 'mDao'; nested exception is org.springframework.beans.factory.UnsatisfiedDependencyException: Error creating bean with name 'userDao' defined in file [C:\Development\CompanyProjects\IotSmartWaterMeter-Spring\target\classes\com\iot\smart\water\meter\dao\UserDao.class]: Unsatisfied dependency expressed through bean property 'sqlSessionFactory'; nested exception is org.springframework.beans.factory.UnsatisfiedDependencyException: Error creating bean with name 'sqlSessionFactory' defined in class path resource [org/mybatis/spring/boot/autoconfigure/MybatisAutoConfiguration.class]: Unsatisfied dependency expressed through method 'sqlSessionFactory' parameter 0; nested exception is org.springframework.beans.factory.UnsatisfiedDependencyException: Error creating bean with name 'dataSource' defined in class path resource [org/springframework/boot/autoconfigure/jdbc/DataSourceConfiguration$Generic.class]: Unsatisfied dependency expressed through method 'dataSource' parameter 0; nested exception is org.springframework.boot.context.properties.ConfigurationPropertiesBindException: Error creating bean with name 'spring.datasource-org.springframework.boot.autoconfigure.jdbc.DataSourceProperties': Could not bind properties to 'DataSourceProperties' : prefix=spring.datasource, ignoreInvalidFields=false, ignoreUnknownFields=true; nested exception is org.springframework.boot.context.properties.bind.BindException: Failed to bind properties under 'spring.datasource.type' to java.lang.Class<javax.sql.DataSource>
2019-05-05 00:57:39 [main] INFO  org.apache.catalina.core.StandardService - 173 - Stopping service [Tomcat]
2019-05-05 00:57:39 [main] INFO  org.springframework.boot.autoconfigure.logging.ConditionEvaluationReportLoggingListener - 142 - 

Error starting ApplicationContext. To display the conditions report re-run your application with 'debug' enabled.
2019-05-05 00:57:39 [main] ERROR org.springframework.boot.diagnostics.LoggingFailureAnalysisReporter - 42 - 

***************************
APPLICATION FAILED TO START
***************************

Description:

Failed to bind properties under 'spring.datasource.type' to java.lang.Class<javax.sql.DataSource>:

    Property: spring.datasource.type
    Value: org.apache.tomcat.jdbc.pool.DataSource
    Origin: class path resource [application.yml]:25:13
    Reason: No converter found capable of converting from type [java.lang.String] to type [java.lang.Class<javax.sql.DataSource>]

Action:

Update your application's configuration

2019-05-05 00:58:50 [main] INFO  com.iot.smart.water.meter.IotSmartWaterMeterApplication - 55 - Starting IotSmartWaterMeterApplication on ROG-PC with PID 2828 (C:\Development\CompanyProjects\IotSmartWaterMeter-Spring\target\classes started by ROG in C:\Development\CompanyProjects\IotSmartWaterMeter-Spring)
2019-05-05 00:58:50 [main] INFO  com.iot.smart.water.meter.IotSmartWaterMeterApplication - 682 - No active profile set, falling back to default profiles: default
2019-05-05 00:58:52 [main] INFO  org.springframework.boot.web.embedded.tomcat.TomcatWebServer - 90 - Tomcat initialized with port(s): 8090 (http)
2019-05-05 00:58:52 [main] INFO  org.apache.coyote.http11.Http11NioProtocol - 173 - Initializing ProtocolHandler ["http-nio-8090"]
2019-05-05 00:58:52 [main] INFO  org.apache.catalina.core.StandardService - 173 - Starting service [Tomcat]
2019-05-05 00:58:52 [main] INFO  org.apache.catalina.core.StandardEngine - 173 - Starting Servlet engine: [Apache Tomcat/9.0.19]
2019-05-05 00:58:52 [main] INFO  org.apache.catalina.core.ContainerBase.[Tomcat].[localhost].[/] - 173 - Initializing Spring embedded WebApplicationContext
2019-05-05 00:58:52 [main] INFO  org.springframework.web.context.ContextLoader - 296 - Root WebApplicationContext: initialization completed in 1470 ms
2019-05-05 00:58:52 [main] INFO  org.springframework.scheduling.concurrent.ThreadPoolTaskExecutor - 171 - Initializing ExecutorService 'applicationTaskExecutor'
2019-05-05 00:58:53 [main] INFO  org.springframework.scheduling.concurrent.ThreadPoolTaskScheduler - 171 - Initializing ExecutorService 'taskScheduler'
2019-05-05 00:58:53 [main] INFO  org.apache.coyote.http11.Http11NioProtocol - 173 - Starting ProtocolHandler ["http-nio-8090"]
2019-05-05 00:58:53 [main] INFO  org.springframework.boot.web.embedded.tomcat.TomcatWebServer - 204 - Tomcat started on port(s): 8090 (http) with context path ''
2019-05-05 00:58:53 [main] INFO  com.iot.smart.water.meter.IotSmartWaterMeterApplication - 61 - Started IotSmartWaterMeterApplication in 3.102 seconds (JVM running for 3.578)
2019-05-05 01:28:48 [Thread-3] INFO  org.springframework.scheduling.concurrent.ThreadPoolTaskScheduler - 208 - Shutting down ExecutorService 'taskScheduler'
2019-05-05 01:28:48 [Thread-3] INFO  org.springframework.scheduling.concurrent.ThreadPoolTaskExecutor - 208 - Shutting down ExecutorService 'applicationTaskExecutor'
